SF:lib\domain\usecases\search_movies.dart
DA:7,1
DA:9,1
DA:10,2
LF:3
LH:3
end_of_record
SF:lib\domain\usecases\search_tvs.dart
DA:7,1
DA:9,1
DA:10,2
LF:3
LH:3
end_of_record
SF:lib\presentation\bloc\search_bloc.dart
DA:13,3
DA:14,1
DA:15,1
DA:16,1
DA:18,2
DA:19,2
DA:21,2
DA:22,3
DA:23,1
DA:24,2
DA:27,1
DA:32,1
DA:33,3
DA:40,3
DA:41,1
DA:42,1
DA:43,1
DA:45,2
DA:46,2
DA:48,2
DA:49,3
DA:50,1
DA:51,2
DA:54,1
DA:59,1
DA:60,3
LF:26
LH:26
end_of_record
SF:lib\presentation\bloc\search_event.dart
DA:4,4
DA:6,0
DA:7,0
DA:12,3
DA:14,1
DA:15,2
DA:20,2
DA:22,0
DA:23,0
LF:9
LH:5
end_of_record
SF:lib\presentation\bloc\search_state.dart
DA:4,4
DA:6,1
DA:7,1
DA:17,2
DA:19,1
DA:20,2
DA:26,2
DA:28,1
DA:29,2
DA:35,2
DA:37,1
DA:38,2
LF:12
LH:12
end_of_record
SF:lib\presentation\page\search_page.dart
DA:11,1
DA:13,1
DA:15,1
DA:16,1
DA:19,1
DA:21,1
DA:23,1
DA:24,1
DA:25,1
DA:27,1
DA:28,2
DA:38,1
DA:40,1
DA:42,1
DA:43,1
DA:44,1
DA:48,1
DA:49,1
DA:50,1
DA:51,1
DA:53,1
DA:54,2
DA:55,1
DA:57,1
DA:60,0
DA:61,0
DA:63,0
DA:64,0
LF:28
LH:24
end_of_record
SF:lib\presentation\page\search_tv_page.dart
DA:11,1
DA:13,1
DA:15,1
DA:16,1
DA:19,1
DA:21,1
DA:23,1
DA:24,1
DA:25,1
DA:27,1
DA:28,2
DA:38,1
DA:40,1
DA:42,1
DA:43,1
DA:44,1
DA:48,1
DA:49,1
DA:50,1
DA:51,1
DA:53,1
DA:54,2
DA:55,1
DA:57,1
DA:60,0
DA:61,0
DA:63,0
DA:64,0
LF:28
LH:24
end_of_record
